# JRE version: OpenJDK Runtime Environment Temurin-17.0.10+7 (17.0.10+7) (build 17.0.10+7)
# Java VM: OpenJDK 64-Bit Server VM Temurin-17.0.10+7 (17.0.10+7, mixed mode, emulated-client, tiered, compressed oops, compressed class ptrs, g1 gc, windows-amd64)
GC Precious Log:
 CPUs: 4 total, 4 available
 Memory: 8058M
 Large Page Support: Disabled
 NUMA Support: Disabled
 Compressed Oops: Enabled (32-bit)
 Heap Region Size: 1M
 Heap Min Capacity: 8M
 Heap Initial Capacity: 126M
 Heap Max Capacity: 1G
 Pre-touch: Disabled
 Parallel Workers: 4
 Concurrent Workers: 1
 Concurrent Refinement Workers: 4
 Periodic GC: Disabled
Heap:
 garbage-first heap   total 71680K, used 28313K [0x00000000c0000000, 0x0000000100000000)
  region size 1024K, 1 young (1024K), 0 survivors (0K)
 Metaspace       used 50563K, committed 51200K, reserved 1114112K
  class space    used 6123K, committed 6400K, reserved 1048576K
GC Heap History (20 events):
Event: 15457.195 GC heap before
{Heap before GC invocations=1140 (full 1127):
 garbage-first heap   total 71680K, used 28313K [0x00000000c0000000, 0x0000000100000000)
  region size 1024K, 1 young (1024K), 0 survivors (0K)
 Metaspace       used 50563K, committed 51200K, reserved 1114112K
  class space    used 6123K, committed 6400K, reserved 1048576K
}
Event: 15457.223 GC heap after
{Heap after GC invocations=1141 (full 1128):
 garbage-first heap   total 71680K, used 28313K [0x00000000c0000000, 0x0000000100000000)
  region size 1024K, 0 young (0K), 0 survivors (0K)
 Metaspace       used 50563K, committed 51200K, reserved 1114112K
  class space    used 6123K, committed 6400K, reserved 1048576K
}
Event: 15467.407 GC heap before
{Heap before GC invocations=1141 (full 1128):
 garbage-first heap   total 71680K, used 28313K [0x00000000c0000000, 0x0000000100000000)
  region size 1024K, 1 young (1024K), 0 survivors (0K)
 Metaspace       used 50563K, committed 51200K, reserved 1114112K
  class space    used 6123K, committed 6400K, reserved 1048576K
}
Event: 15467.431 GC heap after
{Heap after GC invocations=1142 (full 1129):
 garbage-first heap   total 71680K, used 28313K [0x00000000c0000000, 0x0000000100000000)
  region size 1024K, 0 young (0K), 0 survivors (0K)
 Metaspace       used 50563K, committed 51200K, reserved 1114112K
  class space    used 6123K, committed 6400K, reserved 1048576K
}
Event: 15477.627 GC heap before
{Heap before GC invocations=1142 (full 1129):
 garbage-first heap   total 71680K, used 28313K [0x00000000c0000000, 0x0000000100000000)
  region size 1024K, 1 young (1024K), 0 survivors (0K)
 Metaspace       used 50563K, committed 51200K, reserved 1114112K
  class space    used 6123K, committed 6400K, reserved 1048576K
}
Event: 15477.650 GC heap after
{Heap after GC invocations=1143 (full 1130):
 garbage-first heap   total 71680K, used 28313K [0x00000000c0000000, 0x0000000100000000)
  region size 1024K, 0 young (0K), 0 survivors (0K)
 Metaspace       used 50563K, committed 51200K, reserved 1114112K
  class space    used 6123K, committed 6400K, reserved 1048576K
}
Event: 15487.839 GC heap before
{Heap before GC invocations=1143 (full 1130):
 garbage-first heap   total 71680K, used 28313K [0x00000000c0000000, 0x0000000100000000)
  region size 1024K, 1 young (1024K), 0 survivors (0K)
 Metaspace       used 50563K, committed 51200K, reserved 1114112K
  class space    used 6123K, committed 6400K, reserved 1048576K
}
Event: 15487.862 GC heap after
{Heap after GC invocations=1144 (full 1131):
 garbage-first heap   total 71680K, used 28313K [0x00000000c0000000, 0x0000000100000000)
  region size 1024K, 0 young (0K), 0 survivors (0K)
 Metaspace       used 50563K, committed 51200K, reserved 1114112K
  class space    used 6123K, committed 6400K, reserved 1048576K
}
Event: 15498.085 GC heap before
{Heap before GC invocations=1144 (full 1131):
 garbage-first heap   total 71680K, used 28313K [0x00000000c0000000, 0x0000000100000000)
  region size 1024K, 1 young (1024K), 0 survivors (0K)
 Metaspace       used 50563K, committed 51200K, reserved 1114112K
  class space    used 6123K, committed 6400K, reserved 1048576K
}
Event: 15498.109 GC heap after
{Heap after GC invocations=1145 (full 1132):
 garbage-first heap   total 71680K, used 28313K [0x00000000c0000000, 0x0000000100000000)
  region size 1024K, 0 young (0K), 0 survivors (0K)
 Metaspace       used 50563K, committed 51200K, reserved 1114112K
  class space    used 6123K, committed 6400K, reserved 1048576K
}
Event: 15508.295 GC heap before
{Heap before GC invocations=1145 (full 1132):
 garbage-first heap   total 71680K, used 28313K [0x00000000c0000000, 0x0000000100000000)
  region size 1024K, 1 young (1024K), 0 survivors (0K)
 Metaspace       used 50563K, committed 51200K, reserved 1114112K
  class space    used 6123K, committed 6400K, reserved 1048576K
}
Event: 15508.319 GC heap after
{Heap after GC invocations=1146 (full 1133):
 garbage-first heap   total 71680K, used 28313K [0x00000000c0000000, 0x0000000100000000)
  region size 1024K, 0 young (0K), 0 survivors (0K)
 Metaspace       used 50563K, committed 51200K, reserved 1114112K
  class space    used 6123K, committed 6400K, reserved 1048576K
}
Event: 15518.509 GC heap before
{Heap before GC invocations=1146 (full 1133):
 garbage-first heap   total 71680K, used 28313K [0x00000000c0000000, 0x0000000100000000)
  region size 1024K, 1 young (1024K), 0 survivors (0K)
 Metaspace       used 50563K, committed 51200K, reserved 1114112K
  class space    used 6123K, committed 6400K, reserved 1048576K
}
Event: 15518.533 GC heap after
{Heap after GC invocations=1147 (full 1134):
 garbage-first heap   total 71680K, used 28313K [0x00000000c0000000, 0x0000000100000000)
  region size 1024K, 0 young (0K), 0 survivors (0K)
 Metaspace       used 50563K, committed 51200K, reserved 1114112K
  class space    used 6123K, committed 6400K, reserved 1048576K
}
Event: 15528.749 GC heap before
{Heap before GC invocations=1147 (full 1134):
 garbage-first heap   total 71680K, used 28313K [0x00000000c0000000, 0x0000000100000000)
  region size 1024K, 1 young (1024K), 0 survivors (0K)
 Metaspace       used 50563K, committed 51200K, reserved 1114112K
  class space    used 6123K, committed 6400K, reserved 1048576K
}
Event: 15528.774 GC heap after
{Heap after GC invocations=1148 (full 1135):
 garbage-first heap   total 71680K, used 28313K [0x00000000c0000000, 0x0000000100000000)
  region size 1024K, 0 young (0K), 0 survivors (0K)
 Metaspace       used 50563K, committed 51200K, reserved 1114112K
  class space    used 6123K, committed 6400K, reserved 1048576K
}
Event: 15538.985 GC heap before
{Heap before GC invocations=1148 (full 1135):
 garbage-first heap   total 71680K, used 28313K [0x00000000c0000000, 0x0000000100000000)
  region size 1024K, 1 young (1024K), 0 survivors (0K)
 Metaspace       used 50563K, committed 51200K, reserved 1114112K
  class space    used 6123K, committed 6400K, reserved 1048576K
}
Event: 15539.011 GC heap after
{Heap after GC invocations=1149 (full 1136):
 garbage-first heap   total 71680K, used 28313K [0x00000000c0000000, 0x0000000100000000)
  region size 1024K, 0 young (0K), 0 survivors (0K)
 Metaspace       used 50563K, committed 51200K, reserved 1114112K
  class space    used 6123K, committed 6400K, reserved 1048576K
}
Event: 15549.211 GC heap before
{Heap before GC invocations=1149 (full 1136):
 garbage-first heap   total 71680K, used 28313K [0x00000000c0000000, 0x0000000100000000)
  region size 1024K, 1 young (1024K), 0 survivors (0K)
 Metaspace       used 50563K, committed 51200K, reserved 1114112K
  class space    used 6123K, committed 6400K, reserved 1048576K
}
Event: 15549.234 GC heap after
{Heap after GC invocations=1150 (full 1137):
 garbage-first heap   total 71680K, used 28313K [0x00000000c0000000, 0x0000000100000000)
  region size 1024K, 0 young (0K), 0 survivors (0K)
 Metaspace       used 50563K, committed 51200K, reserved 1114112K
  class space    used 6123K, committed 6400K, reserved 1048576K
}

